<?xml version="1.0" encoding="UTF-8"?>
<!-- Generated by org.testng.reporters.JUnitXMLReporter -->
<testsuite hostname="Nitishs-Mac.local" name="testngTest" tests="30" failures="0" timestamp="30 Jul 2019 14:21:19 GMT" time="9.334" errors="0">
  <testcase name="addDuplicateUserTest" time="0.276" classname="com.example.sample.ChangePasswordAPITests"/>
  <testcase name="addUserTest" time="0.022" classname="com.example.sample.ChangePasswordAPITests"/>
  <testcase name="changePasswordAPIInvalidEmailTest" time="0.021" classname="com.example.sample.ChangePasswordAPITests"/>
  <testcase name="changePasswordAPINullFieldsTest" time="0.042" classname="com.example.sample.ChangePasswordAPITests"/>
  <testcase name="changePasswordAPITest" time="0.015" classname="com.example.sample.ChangePasswordAPITests"/>
  <testcase name="changePasswordAPITest" time="0.008" classname="com.example.sample.ChangePasswordAPITests"/>
  <testcase name="changePasswordAPITest" time="0.005" classname="com.example.sample.ChangePasswordAPITests"/>
  <testcase name="changePasswordAPITest" time="0.005" classname="com.example.sample.ChangePasswordAPITests"/>
  <testcase name="changePasswordAPITest" time="0.02" classname="com.example.sample.ChangePasswordAPITests"/>
  <testcase name="changePasswordAPIUnsupportedHttpMethodTest" time="0.008" classname="com.example.sample.ChangePasswordAPITests"/>
  <testcase name="changePasswordAPIXmlContentTypeTest" time="0.005" classname="com.example.sample.ChangePasswordAPITests"/>
  <testcase name="givenWac_whenServletContext_thenItProvidesGreetController" time="0.001" classname="com.example.sample.ChangePasswordAPITests"/>
  <testcase name="invalidPasswordAPITest" time="0.007" classname="com.example.sample.ChangePasswordAPITests"/>
  <testcase name="invalidPasswordAPITest" time="0.009" classname="com.example.sample.ChangePasswordAPITests"/>
  <testcase name="invalidPasswordAPITest" time="0.006" classname="com.example.sample.ChangePasswordAPITests"/>
  <testcase name="invalidPasswordAPITest" time="0.003" classname="com.example.sample.ChangePasswordAPITests"/>
  <testcase name="invalidPasswordAPITest" time="0.006" classname="com.example.sample.ChangePasswordAPITests"/>
  <testcase name="invalidPasswordAPITest" time="0.004" classname="com.example.sample.ChangePasswordAPITests"/>
  <testcase name="invalidPasswordAPITest" time="0.005" classname="com.example.sample.ChangePasswordAPITests"/>
  <testcase name="invalidPasswordAPITest" time="0.006" classname="com.example.sample.ChangePasswordAPITests"/>
  <testcase name="invalidPasswordAPITest" time="0.004" classname="com.example.sample.ChangePasswordAPITests"/>
  <testcase name="invalidPasswordAPITest" time="0.004" classname="com.example.sample.ChangePasswordAPITests"/>
  <testcase name="invalidPasswordAPITest" time="0.003" classname="com.example.sample.ChangePasswordAPITests"/>
  <testcase name="invalidPasswordAPITest" time="0.003" classname="com.example.sample.ChangePasswordAPITests"/>
  <testcase name="invalidPasswordAPITest" time="0.014" classname="com.example.sample.ChangePasswordAPITests"/>
  <testcase name="invalidPasswordAPITest" time="0.004" classname="com.example.sample.ChangePasswordAPITests"/>
  <testcase name="invalidPasswordAPITest" time="0.005" classname="com.example.sample.ChangePasswordAPITests"/>
  <testcase name="invalidPasswordAPITest" time="0.006" classname="com.example.sample.ChangePasswordAPITests"/>
  <testcase name="invalidPasswordAPITest" time="0.007" classname="com.example.sample.ChangePasswordAPITests"/>
  <testcase name="invalidUserTest" time="0.01" classname="com.example.sample.ChangePasswordAPITests"/>
</testsuite> <!-- testngTest -->
