<?xml version="1.0" encoding="UTF-8"?>
<!-- Generated by org.testng.reporters.JUnitXMLReporter -->
<testsuite hostname="Nitishs-Mac.local" name="testngTest" tests="30" failures="0" timestamp="30 Jul 2019 14:55:57 GMT" time="9.799" errors="0">
  <testcase name="addDuplicateUserTest" time="0.278" classname="com.example.sample.ChangePasswordAPITests"/>
  <testcase name="addUserTest" time="0.022" classname="com.example.sample.ChangePasswordAPITests"/>
  <testcase name="changePasswordAPIInvalidEmailTest" time="0.033" classname="com.example.sample.ChangePasswordAPITests"/>
  <testcase name="changePasswordAPINullFieldsTest" time="0.044" classname="com.example.sample.ChangePasswordAPITests"/>
  <testcase name="changePasswordAPITest" time="0.027" classname="com.example.sample.ChangePasswordAPITests"/>
  <testcase name="changePasswordAPITest" time="0.011" classname="com.example.sample.ChangePasswordAPITests"/>
  <testcase name="changePasswordAPITest" time="0.006" classname="com.example.sample.ChangePasswordAPITests"/>
  <testcase name="changePasswordAPITest" time="0.005" classname="com.example.sample.ChangePasswordAPITests"/>
  <testcase name="changePasswordAPITest" time="0.024" classname="com.example.sample.ChangePasswordAPITests"/>
  <testcase name="changePasswordAPIUnsupportedHttpMethodTest" time="0.008" classname="com.example.sample.ChangePasswordAPITests"/>
  <testcase name="changePasswordAPIXmlContentTypeTest" time="0.003" classname="com.example.sample.ChangePasswordAPITests"/>
  <testcase name="givenWac_whenServletContext_thenItProvidesGreetController" time="0.0" classname="com.example.sample.ChangePasswordAPITests"/>
  <testcase name="invalidPasswordAPITest" time="0.009" classname="com.example.sample.ChangePasswordAPITests"/>
  <testcase name="invalidPasswordAPITest" time="0.003" classname="com.example.sample.ChangePasswordAPITests"/>
  <testcase name="invalidPasswordAPITest" time="0.01" classname="com.example.sample.ChangePasswordAPITests"/>
  <testcase name="invalidPasswordAPITest" time="0.005" classname="com.example.sample.ChangePasswordAPITests"/>
  <testcase name="invalidPasswordAPITest" time="0.004" classname="com.example.sample.ChangePasswordAPITests"/>
  <testcase name="invalidPasswordAPITest" time="0.003" classname="com.example.sample.ChangePasswordAPITests"/>
  <testcase name="invalidPasswordAPITest" time="0.003" classname="com.example.sample.ChangePasswordAPITests"/>
  <testcase name="invalidPasswordAPITest" time="0.005" classname="com.example.sample.ChangePasswordAPITests"/>
  <testcase name="invalidPasswordAPITest" time="0.004" classname="com.example.sample.ChangePasswordAPITests"/>
  <testcase name="invalidPasswordAPITest" time="0.012" classname="com.example.sample.ChangePasswordAPITests"/>
  <testcase name="invalidPasswordAPITest" time="0.004" classname="com.example.sample.ChangePasswordAPITests"/>
  <testcase name="invalidPasswordAPITest" time="0.003" classname="com.example.sample.ChangePasswordAPITests"/>
  <testcase name="invalidPasswordAPITest" time="0.003" classname="com.example.sample.ChangePasswordAPITests"/>
  <testcase name="invalidPasswordAPITest" time="0.007" classname="com.example.sample.ChangePasswordAPITests"/>
  <testcase name="invalidPasswordAPITest" time="0.004" classname="com.example.sample.ChangePasswordAPITests"/>
  <testcase name="invalidPasswordAPITest" time="0.008" classname="com.example.sample.ChangePasswordAPITests"/>
  <testcase name="invalidPasswordAPITest" time="0.003" classname="com.example.sample.ChangePasswordAPITests"/>
  <testcase name="invalidUserTest" time="0.004" classname="com.example.sample.ChangePasswordAPITests"/>
</testsuite> <!-- testngTest -->
