<?xml version="1.0" encoding="UTF-8"?>
<testng-results skipped="0" failed="0" total="30" passed="30">
  <reporter-output>
  </reporter-output>
  <suite name="softwaretestingmaterial" duration-ms="9799" started-at="2019-07-30T14:55:47Z" finished-at="2019-07-30T14:55:57Z">
    <groups>
    </groups>
    <test name="testngTest" duration-ms="9799" started-at="2019-07-30T14:55:47Z" finished-at="2019-07-30T14:55:57Z">
      <class name="com.example.sample.ChangePasswordAPITests">
        <test-method status="PASS" signature="springTestContextBeforeTestClass()[pri:0, instance:com.example.sample.ChangePasswordAPITests@117e949d]" name="springTestContextBeforeTestClass" is-config="true" duration-ms="14" started-at="2019-07-30T20:25:47Z" finished-at="2019-07-30T20:25:47Z">
          <reporter-output>
          </reporter-output>
        </test-method> <!-- springTestContextBeforeTestClass -->
        <test-method status="PASS" signature="springTestContextPrepareTestInstance()[pri:0, instance:com.example.sample.ChangePasswordAPITests@117e949d]" name="springTestContextPrepareTestInstance" is-config="true" duration-ms="4983" started-at="2019-07-30T20:25:47Z" depends-on-methods="org.springframework.test.context.testng.AbstractTestNGSpringContextTests.springTestContextBeforeTestClass" finished-at="2019-07-30T20:25:52Z">
          <reporter-output>
          </reporter-output>
        </test-method> <!-- springTestContextPrepareTestInstance -->
        <test-method status="PASS" signature="setup()[pri:0, instance:com.example.sample.ChangePasswordAPITests@117e949d]" name="setup" is-config="true" duration-ms="3" started-at="2019-07-30T20:25:52Z" finished-at="2019-07-30T20:25:52Z">
          <reporter-output>
          </reporter-output>
        </test-method> <!-- setup -->
        <test-method status="PASS" signature="springTestContextBeforeTestMethod(java.lang.reflect.Method)[pri:0, instance:com.example.sample.ChangePasswordAPITests@117e949d]" name="springTestContextBeforeTestMethod" is-config="true" duration-ms="0" started-at="2019-07-30T20:25:52Z" finished-at="2019-07-30T20:25:52Z">
          <params>
            <param index="0">
              <value>
                <![CDATA[public void com.example.sample.ChangePasswordAPITests.addDuplicateUserTest() throws java.io.UnsupportedEncodingException]]>
              </value>
            </param>
          </params>
          <reporter-output>
          </reporter-output>
        </test-method> <!-- springTestContextBeforeTestMethod -->
        <test-method status="PASS" signature="beforeTest()[pri:0, instance:com.example.sample.ChangePasswordAPITests@117e949d]" name="beforeTest" is-config="true" duration-ms="25" started-at="2019-07-30T20:25:52Z" finished-at="2019-07-30T20:25:52Z">
          <reporter-output>
          </reporter-output>
        </test-method> <!-- beforeTest -->
        <test-method status="PASS" signature="addDuplicateUserTest()[pri:0, instance:com.example.sample.ChangePasswordAPITests@117e949d]" name="addDuplicateUserTest" duration-ms="278" started-at="2019-07-30T20:25:52Z" finished-at="2019-07-30T20:25:52Z">
          <reporter-output>
          </reporter-output>
        </test-method> <!-- addDuplicateUserTest -->
        <test-method status="PASS" signature="afterTest()[pri:0, instance:com.example.sample.ChangePasswordAPITests@117e949d]" name="afterTest" is-config="true" duration-ms="0" started-at="2019-07-30T20:25:52Z" finished-at="2019-07-30T20:25:52Z">
          <reporter-output>
          </reporter-output>
        </test-method> <!-- afterTest -->
        <test-method status="PASS" signature="springTestContextAfterTestMethod(java.lang.reflect.Method)[pri:0, instance:com.example.sample.ChangePasswordAPITests@117e949d]" name="springTestContextAfterTestMethod" is-config="true" duration-ms="43" started-at="2019-07-30T20:25:52Z" finished-at="2019-07-30T20:25:52Z">
          <params>
            <param index="0">
              <value>
                <![CDATA[public void com.example.sample.ChangePasswordAPITests.addDuplicateUserTest() throws java.io.UnsupportedEncodingException]]>
              </value>
            </param>
          </params>
          <reporter-output>
          </reporter-output>
        </test-method> <!-- springTestContextAfterTestMethod -->
        <test-method status="PASS" signature="springTestContextBeforeTestMethod(java.lang.reflect.Method)[pri:0, instance:com.example.sample.ChangePasswordAPITests@117e949d]" name="springTestContextBeforeTestMethod" is-config="true" duration-ms="1446" started-at="2019-07-30T20:25:52Z" finished-at="2019-07-30T20:25:54Z">
          <params>
            <param index="0">
              <value>
                <![CDATA[public void com.example.sample.ChangePasswordAPITests.addUserTest() throws java.io.UnsupportedEncodingException]]>
              </value>
            </param>
          </params>
          <reporter-output>
          </reporter-output>
        </test-method> <!-- springTestContextBeforeTestMethod -->
        <test-method status="PASS" signature="beforeTest()[pri:0, instance:com.example.sample.ChangePasswordAPITests@117e949d]" name="beforeTest" is-config="true" duration-ms="12" started-at="2019-07-30T20:25:54Z" finished-at="2019-07-30T20:25:54Z">
          <reporter-output>
          </reporter-output>
        </test-method> <!-- beforeTest -->
        <test-method status="PASS" signature="addUserTest()[pri:0, instance:com.example.sample.ChangePasswordAPITests@117e949d]" name="addUserTest" duration-ms="22" started-at="2019-07-30T20:25:54Z" finished-at="2019-07-30T20:25:54Z">
          <reporter-output>
          </reporter-output>
        </test-method> <!-- addUserTest -->
        <test-method status="PASS" signature="afterTest()[pri:0, instance:com.example.sample.ChangePasswordAPITests@117e949d]" name="afterTest" is-config="true" duration-ms="0" started-at="2019-07-30T20:25:54Z" finished-at="2019-07-30T20:25:54Z">
          <reporter-output>
          </reporter-output>
        </test-method> <!-- afterTest -->
        <test-method status="PASS" signature="springTestContextAfterTestMethod(java.lang.reflect.Method)[pri:0, instance:com.example.sample.ChangePasswordAPITests@117e949d]" name="springTestContextAfterTestMethod" is-config="true" duration-ms="3" started-at="2019-07-30T20:25:54Z" finished-at="2019-07-30T20:25:54Z">
          <params>
            <param index="0">
              <value>
                <![CDATA[public void com.example.sample.ChangePasswordAPITests.addUserTest() throws java.io.UnsupportedEncodingException]]>
              </value>
            </param>
          </params>
          <reporter-output>
          </reporter-output>
        </test-method> <!-- springTestContextAfterTestMethod -->
        <test-method status="PASS" signature="springTestContextBeforeTestMethod(java.lang.reflect.Method)[pri:0, instance:com.example.sample.ChangePasswordAPITests@117e949d]" name="springTestContextBeforeTestMethod" is-config="true" duration-ms="1193" started-at="2019-07-30T20:25:54Z" finished-at="2019-07-30T20:25:55Z">
          <params>
            <param index="0">
              <value>
                <![CDATA[public void com.example.sample.ChangePasswordAPITests.changePasswordAPIInvalidEmailTest() throws java.lang.Exception]]>
              </value>
            </param>
          </params>
          <reporter-output>
          </reporter-output>
        </test-method> <!-- springTestContextBeforeTestMethod -->
        <test-method status="PASS" signature="beforeTest()[pri:0, instance:com.example.sample.ChangePasswordAPITests@117e949d]" name="beforeTest" is-config="true" duration-ms="34" started-at="2019-07-30T20:25:55Z" finished-at="2019-07-30T20:25:55Z">
          <reporter-output>
          </reporter-output>
        </test-method> <!-- beforeTest -->
        <test-method status="PASS" signature="changePasswordAPIInvalidEmailTest()[pri:0, instance:com.example.sample.ChangePasswordAPITests@117e949d]" name="changePasswordAPIInvalidEmailTest" duration-ms="33" started-at="2019-07-30T20:25:55Z" finished-at="2019-07-30T20:25:55Z">
          <reporter-output>
          </reporter-output>
        </test-method> <!-- changePasswordAPIInvalidEmailTest -->
        <test-method status="PASS" signature="afterTest()[pri:0, instance:com.example.sample.ChangePasswordAPITests@117e949d]" name="afterTest" is-config="true" duration-ms="1" started-at="2019-07-30T20:25:55Z" finished-at="2019-07-30T20:25:55Z">
          <reporter-output>
          </reporter-output>
        </test-method> <!-- afterTest -->
        <test-method status="PASS" signature="springTestContextAfterTestMethod(java.lang.reflect.Method)[pri:0, instance:com.example.sample.ChangePasswordAPITests@117e949d]" name="springTestContextAfterTestMethod" is-config="true" duration-ms="2" started-at="2019-07-30T20:25:55Z" finished-at="2019-07-30T20:25:55Z">
          <params>
            <param index="0">
              <value>
                <![CDATA[public void com.example.sample.ChangePasswordAPITests.changePasswordAPIInvalidEmailTest() throws java.lang.Exception]]>
              </value>
            </param>
          </params>
          <reporter-output>
          </reporter-output>
        </test-method> <!-- springTestContextAfterTestMethod -->
        <test-method status="PASS" signature="springTestContextBeforeTestMethod(java.lang.reflect.Method)[pri:0, instance:com.example.sample.ChangePasswordAPITests@117e949d]" name="springTestContextBeforeTestMethod" is-config="true" duration-ms="1253" started-at="2019-07-30T20:25:55Z" finished-at="2019-07-30T20:25:56Z">
          <params>
            <param index="0">
              <value>
                <![CDATA[public void com.example.sample.ChangePasswordAPITests.changePasswordAPINullFieldsTest() throws java.lang.Exception]]>
              </value>
            </param>
          </params>
          <reporter-output>
          </reporter-output>
        </test-method> <!-- springTestContextBeforeTestMethod -->
        <test-method status="PASS" signature="beforeTest()[pri:0, instance:com.example.sample.ChangePasswordAPITests@117e949d]" name="beforeTest" is-config="true" duration-ms="8" started-at="2019-07-30T20:25:56Z" finished-at="2019-07-30T20:25:56Z">
          <reporter-output>
          </reporter-output>
        </test-method> <!-- beforeTest -->
        <test-method status="PASS" signature="changePasswordAPINullFieldsTest()[pri:0, instance:com.example.sample.ChangePasswordAPITests@117e949d]" name="changePasswordAPINullFieldsTest" duration-ms="44" started-at="2019-07-30T20:25:56Z" finished-at="2019-07-30T20:25:57Z">
          <reporter-output>
          </reporter-output>
        </test-method> <!-- changePasswordAPINullFieldsTest -->
        <test-method status="PASS" signature="afterTest()[pri:0, instance:com.example.sample.ChangePasswordAPITests@117e949d]" name="afterTest" is-config="true" duration-ms="0" started-at="2019-07-30T20:25:57Z" finished-at="2019-07-30T20:25:57Z">
          <reporter-output>
          </reporter-output>
        </test-method> <!-- afterTest -->
        <test-method status="PASS" signature="springTestContextAfterTestMethod(java.lang.reflect.Method)[pri:0, instance:com.example.sample.ChangePasswordAPITests@117e949d]" name="springTestContextAfterTestMethod" is-config="true" duration-ms="0" started-at="2019-07-30T20:25:57Z" finished-at="2019-07-30T20:25:57Z">
          <params>
            <param index="0">
              <value>
                <![CDATA[public void com.example.sample.ChangePasswordAPITests.changePasswordAPINullFieldsTest() throws java.lang.Exception]]>
              </value>
            </param>
          </params>
          <reporter-output>
          </reporter-output>
        </test-method> <!-- springTestContextAfterTestMethod -->
        <test-method status="PASS" signature="springTestContextBeforeTestMethod(java.lang.reflect.Method)[pri:0, instance:com.example.sample.ChangePasswordAPITests@117e949d]" name="springTestContextBeforeTestMethod" is-config="true" duration-ms="1" started-at="2019-07-30T20:25:57Z" finished-at="2019-07-30T20:25:57Z">
          <params>
            <param index="0">
              <value>
                <![CDATA[public void com.example.sample.ChangePasswordAPITests.changePasswordAPITest(com.example.sample.dto.ChangePasswordBody) throws java.lang.Exception]]>
              </value>
            </param>
          </params>
          <reporter-output>
          </reporter-output>
        </test-method> <!-- springTestContextBeforeTestMethod -->
        <test-method status="PASS" signature="beforeTest()[pri:0, instance:com.example.sample.ChangePasswordAPITests@117e949d]" name="beforeTest" is-config="true" duration-ms="7" started-at="2019-07-30T20:25:57Z" finished-at="2019-07-30T20:25:57Z">
          <reporter-output>
          </reporter-output>
        </test-method> <!-- beforeTest -->
        <test-method status="PASS" signature="changePasswordAPITest(com.example.sample.dto.ChangePasswordBody)[pri:0, instance:com.example.sample.ChangePasswordAPITests@117e949d]" name="changePasswordAPITest" duration-ms="27" started-at="2019-07-30T20:25:57Z" data-provider="credentialsProvider" finished-at="2019-07-30T20:25:57Z">
          <params>
            <param index="0">
              <value>
                <![CDATA[com.example.sample.dto.ChangePasswordBody@61d09475]]>
              </value>
            </param>
          </params>
          <reporter-output>
          </reporter-output>
        </test-method> <!-- changePasswordAPITest -->
        <test-method status="PASS" signature="afterTest()[pri:0, instance:com.example.sample.ChangePasswordAPITests@117e949d]" name="afterTest" is-config="true" duration-ms="1" started-at="2019-07-30T20:25:57Z" finished-at="2019-07-30T20:25:57Z">
          <reporter-output>
          </reporter-output>
        </test-method> <!-- afterTest -->
        <test-method status="PASS" signature="springTestContextAfterTestMethod(java.lang.reflect.Method)[pri:0, instance:com.example.sample.ChangePasswordAPITests@117e949d]" name="springTestContextAfterTestMethod" is-config="true" duration-ms="0" started-at="2019-07-30T20:25:57Z" finished-at="2019-07-30T20:25:57Z">
          <params>
            <param index="0">
              <value>
                <![CDATA[public void com.example.sample.ChangePasswordAPITests.changePasswordAPITest(com.example.sample.dto.ChangePasswordBody) throws java.lang.Exception]]>
              </value>
            </param>
          </params>
          <reporter-output>
          </reporter-output>
        </test-method> <!-- springTestContextAfterTestMethod -->
        <test-method status="PASS" signature="springTestContextBeforeTestMethod(java.lang.reflect.Method)[pri:0, instance:com.example.sample.ChangePasswordAPITests@117e949d]" name="springTestContextBeforeTestMethod" is-config="true" duration-ms="1" started-at="2019-07-30T20:25:57Z" finished-at="2019-07-30T20:25:57Z">
          <params>
            <param index="0">
              <value>
                <![CDATA[public void com.example.sample.ChangePasswordAPITests.changePasswordAPITest(com.example.sample.dto.ChangePasswordBody) throws java.lang.Exception]]>
              </value>
            </param>
          </params>
          <reporter-output>
          </reporter-output>
        </test-method> <!-- springTestContextBeforeTestMethod -->
        <test-method status="PASS" signature="beforeTest()[pri:0, instance:com.example.sample.ChangePasswordAPITests@117e949d]" name="beforeTest" is-config="true" duration-ms="12" started-at="2019-07-30T20:25:57Z" finished-at="2019-07-30T20:25:57Z">
          <reporter-output>
          </reporter-output>
        </test-method> <!-- beforeTest -->
        <test-method status="PASS" signature="changePasswordAPITest(com.example.sample.dto.ChangePasswordBody)[pri:0, instance:com.example.sample.ChangePasswordAPITests@117e949d]" name="changePasswordAPITest" duration-ms="11" started-at="2019-07-30T20:25:57Z" data-provider="credentialsProvider" finished-at="2019-07-30T20:25:57Z">
          <params>
            <param index="0">
              <value>
                <![CDATA[com.example.sample.dto.ChangePasswordBody@d0fabc8]]>
              </value>
            </param>
          </params>
          <reporter-output>
          </reporter-output>
        </test-method> <!-- changePasswordAPITest -->
        <test-method status="PASS" signature="afterTest()[pri:0, instance:com.example.sample.ChangePasswordAPITests@117e949d]" name="afterTest" is-config="true" duration-ms="1" started-at="2019-07-30T20:25:57Z" finished-at="2019-07-30T20:25:57Z">
          <reporter-output>
          </reporter-output>
        </test-method> <!-- afterTest -->
        <test-method status="PASS" signature="springTestContextAfterTestMethod(java.lang.reflect.Method)[pri:0, instance:com.example.sample.ChangePasswordAPITests@117e949d]" name="springTestContextAfterTestMethod" is-config="true" duration-ms="0" started-at="2019-07-30T20:25:57Z" finished-at="2019-07-30T20:25:57Z">
          <params>
            <param index="0">
              <value>
                <![CDATA[public void com.example.sample.ChangePasswordAPITests.changePasswordAPITest(com.example.sample.dto.ChangePasswordBody) throws java.lang.Exception]]>
              </value>
            </param>
          </params>
          <reporter-output>
          </reporter-output>
        </test-method> <!-- springTestContextAfterTestMethod -->
        <test-method status="PASS" signature="beforeTest()[pri:0, instance:com.example.sample.ChangePasswordAPITests@117e949d]" name="beforeTest" is-config="true" duration-ms="7" started-at="2019-07-30T20:25:57Z" finished-at="2019-07-30T20:25:57Z">
          <reporter-output>
          </reporter-output>
        </test-method> <!-- beforeTest -->
        <test-method status="PASS" signature="springTestContextBeforeTestMethod(java.lang.reflect.Method)[pri:0, instance:com.example.sample.ChangePasswordAPITests@117e949d]" name="springTestContextBeforeTestMethod" is-config="true" duration-ms="0" started-at="2019-07-30T20:25:57Z" finished-at="2019-07-30T20:25:57Z">
          <params>
            <param index="0">
              <value>
                <![CDATA[public void com.example.sample.ChangePasswordAPITests.changePasswordAPITest(com.example.sample.dto.ChangePasswordBody) throws java.lang.Exception]]>
              </value>
            </param>
          </params>
          <reporter-output>
          </reporter-output>
        </test-method> <!-- springTestContextBeforeTestMethod -->
        <test-method status="PASS" signature="changePasswordAPITest(com.example.sample.dto.ChangePasswordBody)[pri:0, instance:com.example.sample.ChangePasswordAPITests@117e949d]" name="changePasswordAPITest" duration-ms="6" started-at="2019-07-30T20:25:57Z" data-provider="credentialsProvider" finished-at="2019-07-30T20:25:57Z">
          <params>
            <param index="0">
              <value>
                <![CDATA[com.example.sample.dto.ChangePasswordBody@12d44a2a]]>
              </value>
            </param>
          </params>
          <reporter-output>
          </reporter-output>
        </test-method> <!-- changePasswordAPITest -->
        <test-method status="PASS" signature="springTestContextBeforeTestMethod(java.lang.reflect.Method)[pri:0, instance:com.example.sample.ChangePasswordAPITests@117e949d]" name="springTestContextBeforeTestMethod" is-config="true" duration-ms="0" started-at="2019-07-30T20:25:57Z" finished-at="2019-07-30T20:25:57Z">
          <params>
            <param index="0">
              <value>
                <![CDATA[public void com.example.sample.ChangePasswordAPITests.changePasswordAPITest(com.example.sample.dto.ChangePasswordBody) throws java.lang.Exception]]>
              </value>
            </param>
          </params>
          <reporter-output>
          </reporter-output>
        </test-method> <!-- springTestContextBeforeTestMethod -->
        <test-method status="PASS" signature="afterTest()[pri:0, instance:com.example.sample.ChangePasswordAPITests@117e949d]" name="afterTest" is-config="true" duration-ms="0" started-at="2019-07-30T20:25:57Z" finished-at="2019-07-30T20:25:57Z">
          <reporter-output>
          </reporter-output>
        </test-method> <!-- afterTest -->
        <test-method status="PASS" signature="springTestContextAfterTestMethod(java.lang.reflect.Method)[pri:0, instance:com.example.sample.ChangePasswordAPITests@117e949d]" name="springTestContextAfterTestMethod" is-config="true" duration-ms="0" started-at="2019-07-30T20:25:57Z" finished-at="2019-07-30T20:25:57Z">
          <params>
            <param index="0">
              <value>
                <![CDATA[public void com.example.sample.ChangePasswordAPITests.changePasswordAPITest(com.example.sample.dto.ChangePasswordBody) throws java.lang.Exception]]>
              </value>
            </param>
          </params>
          <reporter-output>
          </reporter-output>
        </test-method> <!-- springTestContextAfterTestMethod -->
        <test-method status="PASS" signature="beforeTest()[pri:0, instance:com.example.sample.ChangePasswordAPITests@117e949d]" name="beforeTest" is-config="true" duration-ms="3" started-at="2019-07-30T20:25:57Z" finished-at="2019-07-30T20:25:57Z">
          <reporter-output>
          </reporter-output>
        </test-method> <!-- beforeTest -->
        <test-method status="PASS" signature="changePasswordAPITest(com.example.sample.dto.ChangePasswordBody)[pri:0, instance:com.example.sample.ChangePasswordAPITests@117e949d]" name="changePasswordAPITest" duration-ms="5" started-at="2019-07-30T20:25:57Z" data-provider="credentialsProvider" finished-at="2019-07-30T20:25:57Z">
          <params>
            <param index="0">
              <value>
                <![CDATA[com.example.sample.dto.ChangePasswordBody@1a66be41]]>
              </value>
            </param>
          </params>
          <reporter-output>
          </reporter-output>
        </test-method> <!-- changePasswordAPITest -->
        <test-method status="PASS" signature="beforeTest()[pri:0, instance:com.example.sample.ChangePasswordAPITests@117e949d]" name="beforeTest" is-config="true" duration-ms="8" started-at="2019-07-30T20:25:57Z" finished-at="2019-07-30T20:25:57Z">
          <reporter-output>
          </reporter-output>
        </test-method> <!-- beforeTest -->
        <test-method status="PASS" signature="springTestContextAfterTestMethod(java.lang.reflect.Method)[pri:0, instance:com.example.sample.ChangePasswordAPITests@117e949d]" name="springTestContextAfterTestMethod" is-config="true" duration-ms="0" started-at="2019-07-30T20:25:57Z" finished-at="2019-07-30T20:25:57Z">
          <params>
            <param index="0">
              <value>
                <![CDATA[public void com.example.sample.ChangePasswordAPITests.changePasswordAPITest(com.example.sample.dto.ChangePasswordBody) throws java.lang.Exception]]>
              </value>
            </param>
          </params>
          <reporter-output>
          </reporter-output>
        </test-method> <!-- springTestContextAfterTestMethod -->
        <test-method status="PASS" signature="springTestContextBeforeTestMethod(java.lang.reflect.Method)[pri:0, instance:com.example.sample.ChangePasswordAPITests@117e949d]" name="springTestContextBeforeTestMethod" is-config="true" duration-ms="0" started-at="2019-07-30T20:25:57Z" finished-at="2019-07-30T20:25:57Z">
          <params>
            <param index="0">
              <value>
                <![CDATA[public void com.example.sample.ChangePasswordAPITests.changePasswordAPITest(com.example.sample.dto.ChangePasswordBody) throws java.lang.Exception]]>
              </value>
            </param>
          </params>
          <reporter-output>
          </reporter-output>
        </test-method> <!-- springTestContextBeforeTestMethod -->
        <test-method status="PASS" signature="afterTest()[pri:0, instance:com.example.sample.ChangePasswordAPITests@117e949d]" name="afterTest" is-config="true" duration-ms="0" started-at="2019-07-30T20:25:57Z" finished-at="2019-07-30T20:25:57Z">
          <reporter-output>
          </reporter-output>
        </test-method> <!-- afterTest -->
        <test-method status="PASS" signature="changePasswordAPITest(com.example.sample.dto.ChangePasswordBody)[pri:0, instance:com.example.sample.ChangePasswordAPITests@117e949d]" name="changePasswordAPITest" duration-ms="24" started-at="2019-07-30T20:25:57Z" data-provider="credentialsProvider" finished-at="2019-07-30T20:25:57Z">
          <params>
            <param index="0">
              <value>
                <![CDATA[com.example.sample.dto.ChangePasswordBody@7f70e244]]>
              </value>
            </param>
          </params>
          <reporter-output>
          </reporter-output>
        </test-method> <!-- changePasswordAPITest -->
        <test-method status="PASS" signature="springTestContextAfterTestMethod(java.lang.reflect.Method)[pri:0, instance:com.example.sample.ChangePasswordAPITests@117e949d]" name="springTestContextAfterTestMethod" is-config="true" duration-ms="1" started-at="2019-07-30T20:25:57Z" finished-at="2019-07-30T20:25:57Z">
          <params>
            <param index="0">
              <value>
                <![CDATA[public void com.example.sample.ChangePasswordAPITests.changePasswordAPITest(com.example.sample.dto.ChangePasswordBody) throws java.lang.Exception]]>
              </value>
            </param>
          </params>
          <reporter-output>
          </reporter-output>
        </test-method> <!-- springTestContextAfterTestMethod -->
        <test-method status="PASS" signature="afterTest()[pri:0, instance:com.example.sample.ChangePasswordAPITests@117e949d]" name="afterTest" is-config="true" duration-ms="0" started-at="2019-07-30T20:25:57Z" finished-at="2019-07-30T20:25:57Z">
          <reporter-output>
          </reporter-output>
        </test-method> <!-- afterTest -->
        <test-method status="PASS" signature="springTestContextBeforeTestMethod(java.lang.reflect.Method)[pri:0, instance:com.example.sample.ChangePasswordAPITests@117e949d]" name="springTestContextBeforeTestMethod" is-config="true" duration-ms="2" started-at="2019-07-30T20:25:57Z" finished-at="2019-07-30T20:25:57Z">
          <params>
            <param index="0">
              <value>
                <![CDATA[public void com.example.sample.ChangePasswordAPITests.changePasswordAPIUnsupportedHttpMethodTest()]]>
              </value>
            </param>
          </params>
          <reporter-output>
          </reporter-output>
        </test-method> <!-- springTestContextBeforeTestMethod -->
        <test-method status="PASS" signature="beforeTest()[pri:0, instance:com.example.sample.ChangePasswordAPITests@117e949d]" name="beforeTest" is-config="true" duration-ms="5" started-at="2019-07-30T20:25:57Z" finished-at="2019-07-30T20:25:57Z">
          <reporter-output>
          </reporter-output>
        </test-method> <!-- beforeTest -->
        <test-method status="PASS" signature="changePasswordAPIUnsupportedHttpMethodTest()[pri:0, instance:com.example.sample.ChangePasswordAPITests@117e949d]" name="changePasswordAPIUnsupportedHttpMethodTest" duration-ms="8" started-at="2019-07-30T20:25:57Z" finished-at="2019-07-30T20:25:57Z">
          <reporter-output>
          </reporter-output>
        </test-method> <!-- changePasswordAPIUnsupportedHttpMethodTest -->
        <test-method status="PASS" signature="beforeTest()[pri:0, instance:com.example.sample.ChangePasswordAPITests@117e949d]" name="beforeTest" is-config="true" duration-ms="3" started-at="2019-07-30T20:25:57Z" finished-at="2019-07-30T20:25:57Z">
          <reporter-output>
          </reporter-output>
        </test-method> <!-- beforeTest -->
        <test-method status="PASS" signature="springTestContextAfterTestMethod(java.lang.reflect.Method)[pri:0, instance:com.example.sample.ChangePasswordAPITests@117e949d]" name="springTestContextAfterTestMethod" is-config="true" duration-ms="0" started-at="2019-07-30T20:25:57Z" finished-at="2019-07-30T20:25:57Z">
          <params>
            <param index="0">
              <value>
                <![CDATA[public void com.example.sample.ChangePasswordAPITests.changePasswordAPIUnsupportedHttpMethodTest()]]>
              </value>
            </param>
          </params>
          <reporter-output>
          </reporter-output>
        </test-method> <!-- springTestContextAfterTestMethod -->
        <test-method status="PASS" signature="afterTest()[pri:0, instance:com.example.sample.ChangePasswordAPITests@117e949d]" name="afterTest" is-config="true" duration-ms="0" started-at="2019-07-30T20:25:57Z" finished-at="2019-07-30T20:25:57Z">
          <reporter-output>
          </reporter-output>
        </test-method> <!-- afterTest -->
        <test-method status="PASS" signature="springTestContextBeforeTestMethod(java.lang.reflect.Method)[pri:0, instance:com.example.sample.ChangePasswordAPITests@117e949d]" name="springTestContextBeforeTestMethod" is-config="true" duration-ms="0" started-at="2019-07-30T20:25:57Z" finished-at="2019-07-30T20:25:57Z">
          <params>
            <param index="0">
              <value>
                <![CDATA[public void com.example.sample.ChangePasswordAPITests.changePasswordAPIXmlContentTypeTest() throws java.lang.Exception]]>
              </value>
            </param>
          </params>
          <reporter-output>
          </reporter-output>
        </test-method> <!-- springTestContextBeforeTestMethod -->
        <test-method status="PASS" signature="changePasswordAPIXmlContentTypeTest()[pri:0, instance:com.example.sample.ChangePasswordAPITests@117e949d]" name="changePasswordAPIXmlContentTypeTest" duration-ms="3" started-at="2019-07-30T20:25:57Z" finished-at="2019-07-30T20:25:57Z">
          <reporter-output>
          </reporter-output>
        </test-method> <!-- changePasswordAPIXmlContentTypeTest -->
        <test-method status="PASS" signature="springTestContextAfterTestMethod(java.lang.reflect.Method)[pri:0, instance:com.example.sample.ChangePasswordAPITests@117e949d]" name="springTestContextAfterTestMethod" is-config="true" duration-ms="0" started-at="2019-07-30T20:25:57Z" finished-at="2019-07-30T20:25:57Z">
          <params>
            <param index="0">
              <value>
                <![CDATA[public void com.example.sample.ChangePasswordAPITests.changePasswordAPIXmlContentTypeTest() throws java.lang.Exception]]>
              </value>
            </param>
          </params>
          <reporter-output>
          </reporter-output>
        </test-method> <!-- springTestContextAfterTestMethod -->
        <test-method status="PASS" signature="afterTest()[pri:0, instance:com.example.sample.ChangePasswordAPITests@117e949d]" name="afterTest" is-config="true" duration-ms="0" started-at="2019-07-30T20:25:57Z" finished-at="2019-07-30T20:25:57Z">
          <reporter-output>
          </reporter-output>
        </test-method> <!-- afterTest -->
        <test-method status="PASS" signature="beforeTest()[pri:0, instance:com.example.sample.ChangePasswordAPITests@117e949d]" name="beforeTest" is-config="true" duration-ms="4" started-at="2019-07-30T20:25:57Z" finished-at="2019-07-30T20:25:57Z">
          <reporter-output>
          </reporter-output>
        </test-method> <!-- beforeTest -->
        <test-method status="PASS" signature="springTestContextBeforeTestMethod(java.lang.reflect.Method)[pri:0, instance:com.example.sample.ChangePasswordAPITests@117e949d]" name="springTestContextBeforeTestMethod" is-config="true" duration-ms="0" started-at="2019-07-30T20:25:57Z" finished-at="2019-07-30T20:25:57Z">
          <params>
            <param index="0">
              <value>
                <![CDATA[public void com.example.sample.ChangePasswordAPITests.givenWac_whenServletContext_thenItProvidesGreetController()]]>
              </value>
            </param>
          </params>
          <reporter-output>
          </reporter-output>
        </test-method> <!-- springTestContextBeforeTestMethod -->
        <test-method status="PASS" signature="springTestContextAfterTestMethod(java.lang.reflect.Method)[pri:0, instance:com.example.sample.ChangePasswordAPITests@117e949d]" name="springTestContextAfterTestMethod" is-config="true" duration-ms="0" started-at="2019-07-30T20:25:57Z" finished-at="2019-07-30T20:25:57Z">
          <params>
            <param index="0">
              <value>
                <![CDATA[public void com.example.sample.ChangePasswordAPITests.givenWac_whenServletContext_thenItProvidesGreetController()]]>
              </value>
            </param>
          </params>
          <reporter-output>
          </reporter-output>
        </test-method> <!-- springTestContextAfterTestMethod -->
        <test-method status="PASS" signature="afterTest()[pri:0, instance:com.example.sample.ChangePasswordAPITests@117e949d]" name="afterTest" is-config="true" duration-ms="0" started-at="2019-07-30T20:25:57Z" finished-at="2019-07-30T20:25:57Z">
          <reporter-output>
          </reporter-output>
        </test-method> <!-- afterTest -->
        <test-method status="PASS" signature="givenWac_whenServletContext_thenItProvidesGreetController()[pri:0, instance:com.example.sample.ChangePasswordAPITests@117e949d]" name="givenWac_whenServletContext_thenItProvidesGreetController" duration-ms="0" started-at="2019-07-30T20:25:57Z" finished-at="2019-07-30T20:25:57Z">
          <reporter-output>
          </reporter-output>
        </test-method> <!-- givenWac_whenServletContext_thenItProvidesGreetController -->
        <test-method status="PASS" signature="springTestContextBeforeTestMethod(java.lang.reflect.Method)[pri:0, instance:com.example.sample.ChangePasswordAPITests@117e949d]" name="springTestContextBeforeTestMethod" is-config="true" duration-ms="1" started-at="2019-07-30T20:25:57Z" finished-at="2019-07-30T20:25:57Z">
          <params>
            <param index="0">
              <value>
                <![CDATA[public void com.example.sample.ChangePasswordAPITests.invalidPasswordAPITest(com.example.sample.dto.ChangePasswordBody)]]>
              </value>
            </param>
          </params>
          <reporter-output>
          </reporter-output>
        </test-method> <!-- springTestContextBeforeTestMethod -->
        <test-method status="PASS" signature="beforeTest()[pri:0, instance:com.example.sample.ChangePasswordAPITests@117e949d]" name="beforeTest" is-config="true" duration-ms="4" started-at="2019-07-30T20:25:57Z" finished-at="2019-07-30T20:25:57Z">
          <reporter-output>
          </reporter-output>
        </test-method> <!-- beforeTest -->
        <test-method status="PASS" signature="invalidPasswordAPITest(com.example.sample.dto.ChangePasswordBody)[pri:0, instance:com.example.sample.ChangePasswordAPITests@117e949d]" name="invalidPasswordAPITest" duration-ms="9" started-at="2019-07-30T20:25:57Z" data-provider="invalidCredentialsProvider" finished-at="2019-07-30T20:25:57Z">
          <params>
            <param index="0">
              <value>
                <![CDATA[com.example.sample.dto.ChangePasswordBody@fd14789]]>
              </value>
            </param>
          </params>
          <reporter-output>
          </reporter-output>
        </test-method> <!-- invalidPasswordAPITest -->
        <test-method status="PASS" signature="springTestContextAfterTestMethod(java.lang.reflect.Method)[pri:0, instance:com.example.sample.ChangePasswordAPITests@117e949d]" name="springTestContextAfterTestMethod" is-config="true" duration-ms="1" started-at="2019-07-30T20:25:57Z" finished-at="2019-07-30T20:25:57Z">
          <params>
            <param index="0">
              <value>
                <![CDATA[public void com.example.sample.ChangePasswordAPITests.invalidPasswordAPITest(com.example.sample.dto.ChangePasswordBody)]]>
              </value>
            </param>
          </params>
          <reporter-output>
          </reporter-output>
        </test-method> <!-- springTestContextAfterTestMethod -->
        <test-method status="PASS" signature="afterTest()[pri:0, instance:com.example.sample.ChangePasswordAPITests@117e949d]" name="afterTest" is-config="true" duration-ms="0" started-at="2019-07-30T20:25:57Z" finished-at="2019-07-30T20:25:57Z">
          <reporter-output>
          </reporter-output>
        </test-method> <!-- afterTest -->
        <test-method status="PASS" signature="beforeTest()[pri:0, instance:com.example.sample.ChangePasswordAPITests@117e949d]" name="beforeTest" is-config="true" duration-ms="3" started-at="2019-07-30T20:25:57Z" finished-at="2019-07-30T20:25:57Z">
          <reporter-output>
          </reporter-output>
        </test-method> <!-- beforeTest -->
        <test-method status="PASS" signature="springTestContextBeforeTestMethod(java.lang.reflect.Method)[pri:0, instance:com.example.sample.ChangePasswordAPITests@117e949d]" name="springTestContextBeforeTestMethod" is-config="true" duration-ms="0" started-at="2019-07-30T20:25:57Z" finished-at="2019-07-30T20:25:57Z">
          <params>
            <param index="0">
              <value>
                <![CDATA[public void com.example.sample.ChangePasswordAPITests.invalidPasswordAPITest(com.example.sample.dto.ChangePasswordBody)]]>
              </value>
            </param>
          </params>
          <reporter-output>
          </reporter-output>
        </test-method> <!-- springTestContextBeforeTestMethod -->
        <test-method status="PASS" signature="invalidPasswordAPITest(com.example.sample.dto.ChangePasswordBody)[pri:0, instance:com.example.sample.ChangePasswordAPITests@117e949d]" name="invalidPasswordAPITest" duration-ms="3" started-at="2019-07-30T20:25:57Z" data-provider="invalidCredentialsProvider" finished-at="2019-07-30T20:25:57Z">
          <params>
            <param index="0">
              <value>
                <![CDATA[com.example.sample.dto.ChangePasswordBody@3f64d943]]>
              </value>
            </param>
          </params>
          <reporter-output>
          </reporter-output>
        </test-method> <!-- invalidPasswordAPITest -->
        <test-method status="PASS" signature="springTestContextBeforeTestMethod(java.lang.reflect.Method)[pri:0, instance:com.example.sample.ChangePasswordAPITests@117e949d]" name="springTestContextBeforeTestMethod" is-config="true" duration-ms="1" started-at="2019-07-30T20:25:57Z" finished-at="2019-07-30T20:25:57Z">
          <params>
            <param index="0">
              <value>
                <![CDATA[public void com.example.sample.ChangePasswordAPITests.invalidPasswordAPITest(com.example.sample.dto.ChangePasswordBody)]]>
              </value>
            </param>
          </params>
          <reporter-output>
          </reporter-output>
        </test-method> <!-- springTestContextBeforeTestMethod -->
        <test-method status="PASS" signature="springTestContextAfterTestMethod(java.lang.reflect.Method)[pri:0, instance:com.example.sample.ChangePasswordAPITests@117e949d]" name="springTestContextAfterTestMethod" is-config="true" duration-ms="0" started-at="2019-07-30T20:25:57Z" finished-at="2019-07-30T20:25:57Z">
          <params>
            <param index="0">
              <value>
                <![CDATA[public void com.example.sample.ChangePasswordAPITests.invalidPasswordAPITest(com.example.sample.dto.ChangePasswordBody)]]>
              </value>
            </param>
          </params>
          <reporter-output>
          </reporter-output>
        </test-method> <!-- springTestContextAfterTestMethod -->
        <test-method status="PASS" signature="afterTest()[pri:0, instance:com.example.sample.ChangePasswordAPITests@117e949d]" name="afterTest" is-config="true" duration-ms="0" started-at="2019-07-30T20:25:57Z" finished-at="2019-07-30T20:25:57Z">
          <reporter-output>
          </reporter-output>
        </test-method> <!-- afterTest -->
        <test-method status="PASS" signature="beforeTest()[pri:0, instance:com.example.sample.ChangePasswordAPITests@117e949d]" name="beforeTest" is-config="true" duration-ms="21" started-at="2019-07-30T20:25:57Z" finished-at="2019-07-30T20:25:57Z">
          <reporter-output>
          </reporter-output>
        </test-method> <!-- beforeTest -->
        <test-method status="PASS" signature="invalidPasswordAPITest(com.example.sample.dto.ChangePasswordBody)[pri:0, instance:com.example.sample.ChangePasswordAPITests@117e949d]" name="invalidPasswordAPITest" duration-ms="10" started-at="2019-07-30T20:25:57Z" data-provider="invalidCredentialsProvider" finished-at="2019-07-30T20:25:57Z">
          <params>
            <param index="0">
              <value>
                <![CDATA[com.example.sample.dto.ChangePasswordBody@105ffc58]]>
              </value>
            </param>
          </params>
          <reporter-output>
          </reporter-output>
        </test-method> <!-- invalidPasswordAPITest -->
        <test-method status="PASS" signature="springTestContextAfterTestMethod(java.lang.reflect.Method)[pri:0, instance:com.example.sample.ChangePasswordAPITests@117e949d]" name="springTestContextAfterTestMethod" is-config="true" duration-ms="0" started-at="2019-07-30T20:25:57Z" finished-at="2019-07-30T20:25:57Z">
          <params>
            <param index="0">
              <value>
                <![CDATA[public void com.example.sample.ChangePasswordAPITests.invalidPasswordAPITest(com.example.sample.dto.ChangePasswordBody)]]>
              </value>
            </param>
          </params>
          <reporter-output>
          </reporter-output>
        </test-method> <!-- springTestContextAfterTestMethod -->
        <test-method status="PASS" signature="afterTest()[pri:0, instance:com.example.sample.ChangePasswordAPITests@117e949d]" name="afterTest" is-config="true" duration-ms="0" started-at="2019-07-30T20:25:57Z" finished-at="2019-07-30T20:25:57Z">
          <reporter-output>
          </reporter-output>
        </test-method> <!-- afterTest -->
        <test-method status="PASS" signature="springTestContextBeforeTestMethod(java.lang.reflect.Method)[pri:0, instance:com.example.sample.ChangePasswordAPITests@117e949d]" name="springTestContextBeforeTestMethod" is-config="true" duration-ms="1" started-at="2019-07-30T20:25:57Z" finished-at="2019-07-30T20:25:57Z">
          <params>
            <param index="0">
              <value>
                <![CDATA[public void com.example.sample.ChangePasswordAPITests.invalidPasswordAPITest(com.example.sample.dto.ChangePasswordBody)]]>
              </value>
            </param>
          </params>
          <reporter-output>
          </reporter-output>
        </test-method> <!-- springTestContextBeforeTestMethod -->
        <test-method status="PASS" signature="beforeTest()[pri:0, instance:com.example.sample.ChangePasswordAPITests@117e949d]" name="beforeTest" is-config="true" duration-ms="5" started-at="2019-07-30T20:25:57Z" finished-at="2019-07-30T20:25:57Z">
          <reporter-output>
          </reporter-output>
        </test-method> <!-- beforeTest -->
        <test-method status="PASS" signature="invalidPasswordAPITest(com.example.sample.dto.ChangePasswordBody)[pri:0, instance:com.example.sample.ChangePasswordAPITests@117e949d]" name="invalidPasswordAPITest" duration-ms="5" started-at="2019-07-30T20:25:57Z" data-provider="invalidCredentialsProvider" finished-at="2019-07-30T20:25:57Z">
          <params>
            <param index="0">
              <value>
                <![CDATA[com.example.sample.dto.ChangePasswordBody@68454ed5]]>
              </value>
            </param>
          </params>
          <reporter-output>
          </reporter-output>
        </test-method> <!-- invalidPasswordAPITest -->
        <test-method status="PASS" signature="afterTest()[pri:0, instance:com.example.sample.ChangePasswordAPITests@117e949d]" name="afterTest" is-config="true" duration-ms="0" started-at="2019-07-30T20:25:57Z" finished-at="2019-07-30T20:25:57Z">
          <reporter-output>
          </reporter-output>
        </test-method> <!-- afterTest -->
        <test-method status="PASS" signature="springTestContextAfterTestMethod(java.lang.reflect.Method)[pri:0, instance:com.example.sample.ChangePasswordAPITests@117e949d]" name="springTestContextAfterTestMethod" is-config="true" duration-ms="2" started-at="2019-07-30T20:25:57Z" finished-at="2019-07-30T20:25:57Z">
          <params>
            <param index="0">
              <value>
                <![CDATA[public void com.example.sample.ChangePasswordAPITests.invalidPasswordAPITest(com.example.sample.dto.ChangePasswordBody)]]>
              </value>
            </param>
          </params>
          <reporter-output>
          </reporter-output>
        </test-method> <!-- springTestContextAfterTestMethod -->
        <test-method status="PASS" signature="springTestContextBeforeTestMethod(java.lang.reflect.Method)[pri:0, instance:com.example.sample.ChangePasswordAPITests@117e949d]" name="springTestContextBeforeTestMethod" is-config="true" duration-ms="0" started-at="2019-07-30T20:25:57Z" finished-at="2019-07-30T20:25:57Z">
          <params>
            <param index="0">
              <value>
                <![CDATA[public void com.example.sample.ChangePasswordAPITests.invalidPasswordAPITest(com.example.sample.dto.ChangePasswordBody)]]>
              </value>
            </param>
          </params>
          <reporter-output>
          </reporter-output>
        </test-method> <!-- springTestContextBeforeTestMethod -->
        <test-method status="PASS" signature="beforeTest()[pri:0, instance:com.example.sample.ChangePasswordAPITests@117e949d]" name="beforeTest" is-config="true" duration-ms="3" started-at="2019-07-30T20:25:57Z" finished-at="2019-07-30T20:25:57Z">
          <reporter-output>
          </reporter-output>
        </test-method> <!-- beforeTest -->
        <test-method status="PASS" signature="invalidPasswordAPITest(com.example.sample.dto.ChangePasswordBody)[pri:0, instance:com.example.sample.ChangePasswordAPITests@117e949d]" name="invalidPasswordAPITest" duration-ms="4" started-at="2019-07-30T20:25:57Z" data-provider="invalidCredentialsProvider" finished-at="2019-07-30T20:25:57Z">
          <params>
            <param index="0">
              <value>
                <![CDATA[com.example.sample.dto.ChangePasswordBody@6d2db15b]]>
              </value>
            </param>
          </params>
          <reporter-output>
          </reporter-output>
        </test-method> <!-- invalidPasswordAPITest -->
        <test-method status="PASS" signature="springTestContextAfterTestMethod(java.lang.reflect.Method)[pri:0, instance:com.example.sample.ChangePasswordAPITests@117e949d]" name="springTestContextAfterTestMethod" is-config="true" duration-ms="0" started-at="2019-07-30T20:25:57Z" finished-at="2019-07-30T20:25:57Z">
          <params>
            <param index="0">
              <value>
                <![CDATA[public void com.example.sample.ChangePasswordAPITests.invalidPasswordAPITest(com.example.sample.dto.ChangePasswordBody)]]>
              </value>
            </param>
          </params>
          <reporter-output>
          </reporter-output>
        </test-method> <!-- springTestContextAfterTestMethod -->
        <test-method status="PASS" signature="springTestContextBeforeTestMethod(java.lang.reflect.Method)[pri:0, instance:com.example.sample.ChangePasswordAPITests@117e949d]" name="springTestContextBeforeTestMethod" is-config="true" duration-ms="3" started-at="2019-07-30T20:25:57Z" finished-at="2019-07-30T20:25:57Z">
          <params>
            <param index="0">
              <value>
                <![CDATA[public void com.example.sample.ChangePasswordAPITests.invalidPasswordAPITest(com.example.sample.dto.ChangePasswordBody)]]>
              </value>
            </param>
          </params>
          <reporter-output>
          </reporter-output>
        </test-method> <!-- springTestContextBeforeTestMethod -->
        <test-method status="PASS" signature="afterTest()[pri:0, instance:com.example.sample.ChangePasswordAPITests@117e949d]" name="afterTest" is-config="true" duration-ms="0" started-at="2019-07-30T20:25:57Z" finished-at="2019-07-30T20:25:57Z">
          <reporter-output>
          </reporter-output>
        </test-method> <!-- afterTest -->
        <test-method status="PASS" signature="beforeTest()[pri:0, instance:com.example.sample.ChangePasswordAPITests@117e949d]" name="beforeTest" is-config="true" duration-ms="5" started-at="2019-07-30T20:25:57Z" finished-at="2019-07-30T20:25:57Z">
          <reporter-output>
          </reporter-output>
        </test-method> <!-- beforeTest -->
        <test-method status="PASS" signature="invalidPasswordAPITest(com.example.sample.dto.ChangePasswordBody)[pri:0, instance:com.example.sample.ChangePasswordAPITests@117e949d]" name="invalidPasswordAPITest" duration-ms="3" started-at="2019-07-30T20:25:57Z" data-provider="invalidCredentialsProvider" finished-at="2019-07-30T20:25:57Z">
          <params>
            <param index="0">
              <value>
                <![CDATA[com.example.sample.dto.ChangePasswordBody@749ad37c]]>
              </value>
            </param>
          </params>
          <reporter-output>
          </reporter-output>
        </test-method> <!-- invalidPasswordAPITest -->
        <test-method status="PASS" signature="springTestContextAfterTestMethod(java.lang.reflect.Method)[pri:0, instance:com.example.sample.ChangePasswordAPITests@117e949d]" name="springTestContextAfterTestMethod" is-config="true" duration-ms="0" started-at="2019-07-30T20:25:57Z" finished-at="2019-07-30T20:25:57Z">
          <params>
            <param index="0">
              <value>
                <![CDATA[public void com.example.sample.ChangePasswordAPITests.invalidPasswordAPITest(com.example.sample.dto.ChangePasswordBody)]]>
              </value>
            </param>
          </params>
          <reporter-output>
          </reporter-output>
        </test-method> <!-- springTestContextAfterTestMethod -->
        <test-method status="PASS" signature="afterTest()[pri:0, instance:com.example.sample.ChangePasswordAPITests@117e949d]" name="afterTest" is-config="true" duration-ms="0" started-at="2019-07-30T20:25:57Z" finished-at="2019-07-30T20:25:57Z">
          <reporter-output>
          </reporter-output>
        </test-method> <!-- afterTest -->
        <test-method status="PASS" signature="beforeTest()[pri:0, instance:com.example.sample.ChangePasswordAPITests@117e949d]" name="beforeTest" is-config="true" duration-ms="3" started-at="2019-07-30T20:25:57Z" finished-at="2019-07-30T20:25:57Z">
          <reporter-output>
          </reporter-output>
        </test-method> <!-- beforeTest -->
        <test-method status="PASS" signature="springTestContextBeforeTestMethod(java.lang.reflect.Method)[pri:0, instance:com.example.sample.ChangePasswordAPITests@117e949d]" name="springTestContextBeforeTestMethod" is-config="true" duration-ms="0" started-at="2019-07-30T20:25:57Z" finished-at="2019-07-30T20:25:57Z">
          <params>
            <param index="0">
              <value>
                <![CDATA[public void com.example.sample.ChangePasswordAPITests.invalidPasswordAPITest(com.example.sample.dto.ChangePasswordBody)]]>
              </value>
            </param>
          </params>
          <reporter-output>
          </reporter-output>
        </test-method> <!-- springTestContextBeforeTestMethod -->
        <test-method status="PASS" signature="invalidPasswordAPITest(com.example.sample.dto.ChangePasswordBody)[pri:0, instance:com.example.sample.ChangePasswordAPITests@117e949d]" name="invalidPasswordAPITest" duration-ms="3" started-at="2019-07-30T20:25:57Z" data-provider="invalidCredentialsProvider" finished-at="2019-07-30T20:25:57Z">
          <params>
            <param index="0">
              <value>
                <![CDATA[com.example.sample.dto.ChangePasswordBody@1b485c8b]]>
              </value>
            </param>
          </params>
          <reporter-output>
          </reporter-output>
        </test-method> <!-- invalidPasswordAPITest -->
        <test-method status="PASS" signature="springTestContextAfterTestMethod(java.lang.reflect.Method)[pri:0, instance:com.example.sample.ChangePasswordAPITests@117e949d]" name="springTestContextAfterTestMethod" is-config="true" duration-ms="0" started-at="2019-07-30T20:25:57Z" finished-at="2019-07-30T20:25:57Z">
          <params>
            <param index="0">
              <value>
                <![CDATA[public void com.example.sample.ChangePasswordAPITests.invalidPasswordAPITest(com.example.sample.dto.ChangePasswordBody)]]>
              </value>
            </param>
          </params>
          <reporter-output>
          </reporter-output>
        </test-method> <!-- springTestContextAfterTestMethod -->
        <test-method status="PASS" signature="springTestContextBeforeTestMethod(java.lang.reflect.Method)[pri:0, instance:com.example.sample.ChangePasswordAPITests@117e949d]" name="springTestContextBeforeTestMethod" is-config="true" duration-ms="1" started-at="2019-07-30T20:25:57Z" finished-at="2019-07-30T20:25:57Z">
          <params>
            <param index="0">
              <value>
                <![CDATA[public void com.example.sample.ChangePasswordAPITests.invalidPasswordAPITest(com.example.sample.dto.ChangePasswordBody)]]>
              </value>
            </param>
          </params>
          <reporter-output>
          </reporter-output>
        </test-method> <!-- springTestContextBeforeTestMethod -->
        <test-method status="PASS" signature="afterTest()[pri:0, instance:com.example.sample.ChangePasswordAPITests@117e949d]" name="afterTest" is-config="true" duration-ms="0" started-at="2019-07-30T20:25:57Z" finished-at="2019-07-30T20:25:57Z">
          <reporter-output>
          </reporter-output>
        </test-method> <!-- afterTest -->
        <test-method status="PASS" signature="beforeTest()[pri:0, instance:com.example.sample.ChangePasswordAPITests@117e949d]" name="beforeTest" is-config="true" duration-ms="5" started-at="2019-07-30T20:25:57Z" finished-at="2019-07-30T20:25:57Z">
          <reporter-output>
          </reporter-output>
        </test-method> <!-- beforeTest -->
        <test-method status="PASS" signature="invalidPasswordAPITest(com.example.sample.dto.ChangePasswordBody)[pri:0, instance:com.example.sample.ChangePasswordAPITests@117e949d]" name="invalidPasswordAPITest" duration-ms="5" started-at="2019-07-30T20:25:57Z" data-provider="invalidCredentialsProvider" finished-at="2019-07-30T20:25:57Z">
          <params>
            <param index="0">
              <value>
                <![CDATA[com.example.sample.dto.ChangePasswordBody@59b98ad1]]>
              </value>
            </param>
          </params>
          <reporter-output>
          </reporter-output>
        </test-method> <!-- invalidPasswordAPITest -->
        <test-method status="PASS" signature="afterTest()[pri:0, instance:com.example.sample.ChangePasswordAPITests@117e949d]" name="afterTest" is-config="true" duration-ms="1" started-at="2019-07-30T20:25:57Z" finished-at="2019-07-30T20:25:57Z">
          <reporter-output>
          </reporter-output>
        </test-method> <!-- afterTest -->
        <test-method status="PASS" signature="springTestContextAfterTestMethod(java.lang.reflect.Method)[pri:0, instance:com.example.sample.ChangePasswordAPITests@117e949d]" name="springTestContextAfterTestMethod" is-config="true" duration-ms="0" started-at="2019-07-30T20:25:57Z" finished-at="2019-07-30T20:25:57Z">
          <params>
            <param index="0">
              <value>
                <![CDATA[public void com.example.sample.ChangePasswordAPITests.invalidPasswordAPITest(com.example.sample.dto.ChangePasswordBody)]]>
              </value>
            </param>
          </params>
          <reporter-output>
          </reporter-output>
        </test-method> <!-- springTestContextAfterTestMethod -->
        <test-method status="PASS" signature="springTestContextBeforeTestMethod(java.lang.reflect.Method)[pri:0, instance:com.example.sample.ChangePasswordAPITests@117e949d]" name="springTestContextBeforeTestMethod" is-config="true" duration-ms="2" started-at="2019-07-30T20:25:57Z" finished-at="2019-07-30T20:25:57Z">
          <params>
            <param index="0">
              <value>
                <![CDATA[public void com.example.sample.ChangePasswordAPITests.invalidPasswordAPITest(com.example.sample.dto.ChangePasswordBody)]]>
              </value>
            </param>
          </params>
          <reporter-output>
          </reporter-output>
        </test-method> <!-- springTestContextBeforeTestMethod -->
        <test-method status="PASS" signature="beforeTest()[pri:0, instance:com.example.sample.ChangePasswordAPITests@117e949d]" name="beforeTest" is-config="true" duration-ms="8" started-at="2019-07-30T20:25:57Z" finished-at="2019-07-30T20:25:57Z">
          <reporter-output>
          </reporter-output>
        </test-method> <!-- beforeTest -->
        <test-method status="PASS" signature="invalidPasswordAPITest(com.example.sample.dto.ChangePasswordBody)[pri:0, instance:com.example.sample.ChangePasswordAPITests@117e949d]" name="invalidPasswordAPITest" duration-ms="4" started-at="2019-07-30T20:25:57Z" data-provider="invalidCredentialsProvider" finished-at="2019-07-30T20:25:57Z">
          <params>
            <param index="0">
              <value>
                <![CDATA[com.example.sample.dto.ChangePasswordBody@591e5fd4]]>
              </value>
            </param>
          </params>
          <reporter-output>
          </reporter-output>
        </test-method> <!-- invalidPasswordAPITest -->
        <test-method status="PASS" signature="springTestContextAfterTestMethod(java.lang.reflect.Method)[pri:0, instance:com.example.sample.ChangePasswordAPITests@117e949d]" name="springTestContextAfterTestMethod" is-config="true" duration-ms="0" started-at="2019-07-30T20:25:57Z" finished-at="2019-07-30T20:25:57Z">
          <params>
            <param index="0">
              <value>
                <![CDATA[public void com.example.sample.ChangePasswordAPITests.invalidPasswordAPITest(com.example.sample.dto.ChangePasswordBody)]]>
              </value>
            </param>
          </params>
          <reporter-output>
          </reporter-output>
        </test-method> <!-- springTestContextAfterTestMethod -->
        <test-method status="PASS" signature="beforeTest()[pri:0, instance:com.example.sample.ChangePasswordAPITests@117e949d]" name="beforeTest" is-config="true" duration-ms="4" started-at="2019-07-30T20:25:57Z" finished-at="2019-07-30T20:25:57Z">
          <reporter-output>
          </reporter-output>
        </test-method> <!-- beforeTest -->
        <test-method status="PASS" signature="afterTest()[pri:0, instance:com.example.sample.ChangePasswordAPITests@117e949d]" name="afterTest" is-config="true" duration-ms="0" started-at="2019-07-30T20:25:57Z" finished-at="2019-07-30T20:25:57Z">
          <reporter-output>
          </reporter-output>
        </test-method> <!-- afterTest -->
        <test-method status="PASS" signature="springTestContextBeforeTestMethod(java.lang.reflect.Method)[pri:0, instance:com.example.sample.ChangePasswordAPITests@117e949d]" name="springTestContextBeforeTestMethod" is-config="true" duration-ms="0" started-at="2019-07-30T20:25:57Z" finished-at="2019-07-30T20:25:57Z">
          <params>
            <param index="0">
              <value>
                <![CDATA[public void com.example.sample.ChangePasswordAPITests.invalidPasswordAPITest(com.example.sample.dto.ChangePasswordBody)]]>
              </value>
            </param>
          </params>
          <reporter-output>
          </reporter-output>
        </test-method> <!-- springTestContextBeforeTestMethod -->
        <test-method status="PASS" signature="invalidPasswordAPITest(com.example.sample.dto.ChangePasswordBody)[pri:0, instance:com.example.sample.ChangePasswordAPITests@117e949d]" name="invalidPasswordAPITest" duration-ms="12" started-at="2019-07-30T20:25:57Z" data-provider="invalidCredentialsProvider" finished-at="2019-07-30T20:25:57Z">
          <params>
            <param index="0">
              <value>
                <![CDATA[com.example.sample.dto.ChangePasswordBody@7bbd76b8]]>
              </value>
            </param>
          </params>
          <reporter-output>
          </reporter-output>
        </test-method> <!-- invalidPasswordAPITest -->
        <test-method status="PASS" signature="afterTest()[pri:0, instance:com.example.sample.ChangePasswordAPITests@117e949d]" name="afterTest" is-config="true" duration-ms="0" started-at="2019-07-30T20:25:57Z" finished-at="2019-07-30T20:25:57Z">
          <reporter-output>
          </reporter-output>
        </test-method> <!-- afterTest -->
        <test-method status="PASS" signature="springTestContextAfterTestMethod(java.lang.reflect.Method)[pri:0, instance:com.example.sample.ChangePasswordAPITests@117e949d]" name="springTestContextAfterTestMethod" is-config="true" duration-ms="1" started-at="2019-07-30T20:25:57Z" finished-at="2019-07-30T20:25:57Z">
          <params>
            <param index="0">
              <value>
                <![CDATA[public void com.example.sample.ChangePasswordAPITests.invalidPasswordAPITest(com.example.sample.dto.ChangePasswordBody)]]>
              </value>
            </param>
          </params>
          <reporter-output>
          </reporter-output>
        </test-method> <!-- springTestContextAfterTestMethod -->
        <test-method status="PASS" signature="beforeTest()[pri:0, instance:com.example.sample.ChangePasswordAPITests@117e949d]" name="beforeTest" is-config="true" duration-ms="5" started-at="2019-07-30T20:25:57Z" finished-at="2019-07-30T20:25:57Z">
          <reporter-output>
          </reporter-output>
        </test-method> <!-- beforeTest -->
        <test-method status="PASS" signature="springTestContextBeforeTestMethod(java.lang.reflect.Method)[pri:0, instance:com.example.sample.ChangePasswordAPITests@117e949d]" name="springTestContextBeforeTestMethod" is-config="true" duration-ms="0" started-at="2019-07-30T20:25:57Z" finished-at="2019-07-30T20:25:57Z">
          <params>
            <param index="0">
              <value>
                <![CDATA[public void com.example.sample.ChangePasswordAPITests.invalidPasswordAPITest(com.example.sample.dto.ChangePasswordBody)]]>
              </value>
            </param>
          </params>
          <reporter-output>
          </reporter-output>
        </test-method> <!-- springTestContextBeforeTestMethod -->
        <test-method status="PASS" signature="invalidPasswordAPITest(com.example.sample.dto.ChangePasswordBody)[pri:0, instance:com.example.sample.ChangePasswordAPITests@117e949d]" name="invalidPasswordAPITest" duration-ms="4" started-at="2019-07-30T20:25:57Z" data-provider="invalidCredentialsProvider" finished-at="2019-07-30T20:25:57Z">
          <params>
            <param index="0">
              <value>
                <![CDATA[com.example.sample.dto.ChangePasswordBody@2248d140]]>
              </value>
            </param>
          </params>
          <reporter-output>
          </reporter-output>
        </test-method> <!-- invalidPasswordAPITest -->
        <test-method status="PASS" signature="springTestContextBeforeTestMethod(java.lang.reflect.Method)[pri:0, instance:com.example.sample.ChangePasswordAPITests@117e949d]" name="springTestContextBeforeTestMethod" is-config="true" duration-ms="0" started-at="2019-07-30T20:25:57Z" finished-at="2019-07-30T20:25:57Z">
          <params>
            <param index="0">
              <value>
                <![CDATA[public void com.example.sample.ChangePasswordAPITests.invalidPasswordAPITest(com.example.sample.dto.ChangePasswordBody)]]>
              </value>
            </param>
          </params>
          <reporter-output>
          </reporter-output>
        </test-method> <!-- springTestContextBeforeTestMethod -->
        <test-method status="PASS" signature="beforeTest()[pri:0, instance:com.example.sample.ChangePasswordAPITests@117e949d]" name="beforeTest" is-config="true" duration-ms="3" started-at="2019-07-30T20:25:57Z" finished-at="2019-07-30T20:25:57Z">
          <reporter-output>
          </reporter-output>
        </test-method> <!-- beforeTest -->
        <test-method status="PASS" signature="afterTest()[pri:0, instance:com.example.sample.ChangePasswordAPITests@117e949d]" name="afterTest" is-config="true" duration-ms="0" started-at="2019-07-30T20:25:57Z" finished-at="2019-07-30T20:25:57Z">
          <reporter-output>
          </reporter-output>
        </test-method> <!-- afterTest -->
        <test-method status="PASS" signature="springTestContextAfterTestMethod(java.lang.reflect.Method)[pri:0, instance:com.example.sample.ChangePasswordAPITests@117e949d]" name="springTestContextAfterTestMethod" is-config="true" duration-ms="0" started-at="2019-07-30T20:25:57Z" finished-at="2019-07-30T20:25:57Z">
          <params>
            <param index="0">
              <value>
                <![CDATA[public void com.example.sample.ChangePasswordAPITests.invalidPasswordAPITest(com.example.sample.dto.ChangePasswordBody)]]>
              </value>
            </param>
          </params>
          <reporter-output>
          </reporter-output>
        </test-method> <!-- springTestContextAfterTestMethod -->
        <test-method status="PASS" signature="invalidPasswordAPITest(com.example.sample.dto.ChangePasswordBody)[pri:0, instance:com.example.sample.ChangePasswordAPITests@117e949d]" name="invalidPasswordAPITest" duration-ms="3" started-at="2019-07-30T20:25:57Z" data-provider="invalidCredentialsProvider" finished-at="2019-07-30T20:25:57Z">
          <params>
            <param index="0">
              <value>
                <![CDATA[com.example.sample.dto.ChangePasswordBody@37b238da]]>
              </value>
            </param>
          </params>
          <reporter-output>
          </reporter-output>
        </test-method> <!-- invalidPasswordAPITest -->
        <test-method status="PASS" signature="afterTest()[pri:0, instance:com.example.sample.ChangePasswordAPITests@117e949d]" name="afterTest" is-config="true" duration-ms="0" started-at="2019-07-30T20:25:57Z" finished-at="2019-07-30T20:25:57Z">
          <reporter-output>
          </reporter-output>
        </test-method> <!-- afterTest -->
        <test-method status="PASS" signature="springTestContextAfterTestMethod(java.lang.reflect.Method)[pri:0, instance:com.example.sample.ChangePasswordAPITests@117e949d]" name="springTestContextAfterTestMethod" is-config="true" duration-ms="0" started-at="2019-07-30T20:25:57Z" finished-at="2019-07-30T20:25:57Z">
          <params>
            <param index="0">
              <value>
                <![CDATA[public void com.example.sample.ChangePasswordAPITests.invalidPasswordAPITest(com.example.sample.dto.ChangePasswordBody)]]>
              </value>
            </param>
          </params>
          <reporter-output>
          </reporter-output>
        </test-method> <!-- springTestContextAfterTestMethod -->
        <test-method status="PASS" signature="springTestContextBeforeTestMethod(java.lang.reflect.Method)[pri:0, instance:com.example.sample.ChangePasswordAPITests@117e949d]" name="springTestContextBeforeTestMethod" is-config="true" duration-ms="1" started-at="2019-07-30T20:25:57Z" finished-at="2019-07-30T20:25:57Z">
          <params>
            <param index="0">
              <value>
                <![CDATA[public void com.example.sample.ChangePasswordAPITests.invalidPasswordAPITest(com.example.sample.dto.ChangePasswordBody)]]>
              </value>
            </param>
          </params>
          <reporter-output>
          </reporter-output>
        </test-method> <!-- springTestContextBeforeTestMethod -->
        <test-method status="PASS" signature="beforeTest()[pri:0, instance:com.example.sample.ChangePasswordAPITests@117e949d]" name="beforeTest" is-config="true" duration-ms="3" started-at="2019-07-30T20:25:57Z" finished-at="2019-07-30T20:25:57Z">
          <reporter-output>
          </reporter-output>
        </test-method> <!-- beforeTest -->
        <test-method status="PASS" signature="invalidPasswordAPITest(com.example.sample.dto.ChangePasswordBody)[pri:0, instance:com.example.sample.ChangePasswordAPITests@117e949d]" name="invalidPasswordAPITest" duration-ms="3" started-at="2019-07-30T20:25:57Z" data-provider="invalidCredentialsProvider" finished-at="2019-07-30T20:25:57Z">
          <params>
            <param index="0">
              <value>
                <![CDATA[com.example.sample.dto.ChangePasswordBody@1c792107]]>
              </value>
            </param>
          </params>
          <reporter-output>
          </reporter-output>
        </test-method> <!-- invalidPasswordAPITest -->
        <test-method status="PASS" signature="springTestContextAfterTestMethod(java.lang.reflect.Method)[pri:0, instance:com.example.sample.ChangePasswordAPITests@117e949d]" name="springTestContextAfterTestMethod" is-config="true" duration-ms="0" started-at="2019-07-30T20:25:57Z" finished-at="2019-07-30T20:25:57Z">
          <params>
            <param index="0">
              <value>
                <![CDATA[public void com.example.sample.ChangePasswordAPITests.invalidPasswordAPITest(com.example.sample.dto.ChangePasswordBody)]]>
              </value>
            </param>
          </params>
          <reporter-output>
          </reporter-output>
        </test-method> <!-- springTestContextAfterTestMethod -->
        <test-method status="PASS" signature="afterTest()[pri:0, instance:com.example.sample.ChangePasswordAPITests@117e949d]" name="afterTest" is-config="true" duration-ms="0" started-at="2019-07-30T20:25:57Z" finished-at="2019-07-30T20:25:57Z">
          <reporter-output>
          </reporter-output>
        </test-method> <!-- afterTest -->
        <test-method status="PASS" signature="springTestContextBeforeTestMethod(java.lang.reflect.Method)[pri:0, instance:com.example.sample.ChangePasswordAPITests@117e949d]" name="springTestContextBeforeTestMethod" is-config="true" duration-ms="0" started-at="2019-07-30T20:25:57Z" finished-at="2019-07-30T20:25:57Z">
          <params>
            <param index="0">
              <value>
                <![CDATA[public void com.example.sample.ChangePasswordAPITests.invalidPasswordAPITest(com.example.sample.dto.ChangePasswordBody)]]>
              </value>
            </param>
          </params>
          <reporter-output>
          </reporter-output>
        </test-method> <!-- springTestContextBeforeTestMethod -->
        <test-method status="PASS" signature="beforeTest()[pri:0, instance:com.example.sample.ChangePasswordAPITests@117e949d]" name="beforeTest" is-config="true" duration-ms="7" started-at="2019-07-30T20:25:57Z" finished-at="2019-07-30T20:25:57Z">
          <reporter-output>
          </reporter-output>
        </test-method> <!-- beforeTest -->
        <test-method status="PASS" signature="invalidPasswordAPITest(com.example.sample.dto.ChangePasswordBody)[pri:0, instance:com.example.sample.ChangePasswordAPITests@117e949d]" name="invalidPasswordAPITest" duration-ms="7" started-at="2019-07-30T20:25:57Z" data-provider="invalidCredentialsProvider" finished-at="2019-07-30T20:25:57Z">
          <params>
            <param index="0">
              <value>
                <![CDATA[com.example.sample.dto.ChangePasswordBody@ce19c86]]>
              </value>
            </param>
          </params>
          <reporter-output>
          </reporter-output>
        </test-method> <!-- invalidPasswordAPITest -->
        <test-method status="PASS" signature="afterTest()[pri:0, instance:com.example.sample.ChangePasswordAPITests@117e949d]" name="afterTest" is-config="true" duration-ms="0" started-at="2019-07-30T20:25:57Z" finished-at="2019-07-30T20:25:57Z">
          <reporter-output>
          </reporter-output>
        </test-method> <!-- afterTest -->
        <test-method status="PASS" signature="springTestContextBeforeTestMethod(java.lang.reflect.Method)[pri:0, instance:com.example.sample.ChangePasswordAPITests@117e949d]" name="springTestContextBeforeTestMethod" is-config="true" duration-ms="1" started-at="2019-07-30T20:25:57Z" finished-at="2019-07-30T20:25:57Z">
          <params>
            <param index="0">
              <value>
                <![CDATA[public void com.example.sample.ChangePasswordAPITests.invalidPasswordAPITest(com.example.sample.dto.ChangePasswordBody)]]>
              </value>
            </param>
          </params>
          <reporter-output>
          </reporter-output>
        </test-method> <!-- springTestContextBeforeTestMethod -->
        <test-method status="PASS" signature="springTestContextAfterTestMethod(java.lang.reflect.Method)[pri:0, instance:com.example.sample.ChangePasswordAPITests@117e949d]" name="springTestContextAfterTestMethod" is-config="true" duration-ms="0" started-at="2019-07-30T20:25:57Z" finished-at="2019-07-30T20:25:57Z">
          <params>
            <param index="0">
              <value>
                <![CDATA[public void com.example.sample.ChangePasswordAPITests.invalidPasswordAPITest(com.example.sample.dto.ChangePasswordBody)]]>
              </value>
            </param>
          </params>
          <reporter-output>
          </reporter-output>
        </test-method> <!-- springTestContextAfterTestMethod -->
        <test-method status="PASS" signature="beforeTest()[pri:0, instance:com.example.sample.ChangePasswordAPITests@117e949d]" name="beforeTest" is-config="true" duration-ms="4" started-at="2019-07-30T20:25:57Z" finished-at="2019-07-30T20:25:57Z">
          <reporter-output>
          </reporter-output>
        </test-method> <!-- beforeTest -->
        <test-method status="PASS" signature="invalidPasswordAPITest(com.example.sample.dto.ChangePasswordBody)[pri:0, instance:com.example.sample.ChangePasswordAPITests@117e949d]" name="invalidPasswordAPITest" duration-ms="4" started-at="2019-07-30T20:25:57Z" data-provider="invalidCredentialsProvider" finished-at="2019-07-30T20:25:57Z">
          <params>
            <param index="0">
              <value>
                <![CDATA[com.example.sample.dto.ChangePasswordBody@68479e8b]]>
              </value>
            </param>
          </params>
          <reporter-output>
          </reporter-output>
        </test-method> <!-- invalidPasswordAPITest -->
        <test-method status="PASS" signature="springTestContextAfterTestMethod(java.lang.reflect.Method)[pri:0, instance:com.example.sample.ChangePasswordAPITests@117e949d]" name="springTestContextAfterTestMethod" is-config="true" duration-ms="0" started-at="2019-07-30T20:25:57Z" finished-at="2019-07-30T20:25:57Z">
          <params>
            <param index="0">
              <value>
                <![CDATA[public void com.example.sample.ChangePasswordAPITests.invalidPasswordAPITest(com.example.sample.dto.ChangePasswordBody)]]>
              </value>
            </param>
          </params>
          <reporter-output>
          </reporter-output>
        </test-method> <!-- springTestContextAfterTestMethod -->
        <test-method status="PASS" signature="springTestContextBeforeTestMethod(java.lang.reflect.Method)[pri:0, instance:com.example.sample.ChangePasswordAPITests@117e949d]" name="springTestContextBeforeTestMethod" is-config="true" duration-ms="1" started-at="2019-07-30T20:25:57Z" finished-at="2019-07-30T20:25:57Z">
          <params>
            <param index="0">
              <value>
                <![CDATA[public void com.example.sample.ChangePasswordAPITests.invalidPasswordAPITest(com.example.sample.dto.ChangePasswordBody)]]>
              </value>
            </param>
          </params>
          <reporter-output>
          </reporter-output>
        </test-method> <!-- springTestContextBeforeTestMethod -->
        <test-method status="PASS" signature="afterTest()[pri:0, instance:com.example.sample.ChangePasswordAPITests@117e949d]" name="afterTest" is-config="true" duration-ms="0" started-at="2019-07-30T20:25:57Z" finished-at="2019-07-30T20:25:57Z">
          <reporter-output>
          </reporter-output>
        </test-method> <!-- afterTest -->
        <test-method status="PASS" signature="beforeTest()[pri:0, instance:com.example.sample.ChangePasswordAPITests@117e949d]" name="beforeTest" is-config="true" duration-ms="3" started-at="2019-07-30T20:25:57Z" finished-at="2019-07-30T20:25:57Z">
          <reporter-output>
          </reporter-output>
        </test-method> <!-- beforeTest -->
        <test-method status="PASS" signature="invalidPasswordAPITest(com.example.sample.dto.ChangePasswordBody)[pri:0, instance:com.example.sample.ChangePasswordAPITests@117e949d]" name="invalidPasswordAPITest" duration-ms="8" started-at="2019-07-30T20:25:57Z" data-provider="invalidCredentialsProvider" finished-at="2019-07-30T20:25:57Z">
          <params>
            <param index="0">
              <value>
                <![CDATA[com.example.sample.dto.ChangePasswordBody@4e951fb1]]>
              </value>
            </param>
          </params>
          <reporter-output>
          </reporter-output>
        </test-method> <!-- invalidPasswordAPITest -->
        <test-method status="PASS" signature="afterTest()[pri:0, instance:com.example.sample.ChangePasswordAPITests@117e949d]" name="afterTest" is-config="true" duration-ms="0" started-at="2019-07-30T20:25:57Z" finished-at="2019-07-30T20:25:57Z">
          <reporter-output>
          </reporter-output>
        </test-method> <!-- afterTest -->
        <test-method status="PASS" signature="springTestContextBeforeTestMethod(java.lang.reflect.Method)[pri:0, instance:com.example.sample.ChangePasswordAPITests@117e949d]" name="springTestContextBeforeTestMethod" is-config="true" duration-ms="1" started-at="2019-07-30T20:25:57Z" finished-at="2019-07-30T20:25:57Z">
          <params>
            <param index="0">
              <value>
                <![CDATA[public void com.example.sample.ChangePasswordAPITests.invalidPasswordAPITest(com.example.sample.dto.ChangePasswordBody)]]>
              </value>
            </param>
          </params>
          <reporter-output>
          </reporter-output>
        </test-method> <!-- springTestContextBeforeTestMethod -->
        <test-method status="PASS" signature="springTestContextAfterTestMethod(java.lang.reflect.Method)[pri:0, instance:com.example.sample.ChangePasswordAPITests@117e949d]" name="springTestContextAfterTestMethod" is-config="true" duration-ms="0" started-at="2019-07-30T20:25:57Z" finished-at="2019-07-30T20:25:57Z">
          <params>
            <param index="0">
              <value>
                <![CDATA[public void com.example.sample.ChangePasswordAPITests.invalidPasswordAPITest(com.example.sample.dto.ChangePasswordBody)]]>
              </value>
            </param>
          </params>
          <reporter-output>
          </reporter-output>
        </test-method> <!-- springTestContextAfterTestMethod -->
        <test-method status="PASS" signature="beforeTest()[pri:0, instance:com.example.sample.ChangePasswordAPITests@117e949d]" name="beforeTest" is-config="true" duration-ms="4" started-at="2019-07-30T20:25:57Z" finished-at="2019-07-30T20:25:57Z">
          <reporter-output>
          </reporter-output>
        </test-method> <!-- beforeTest -->
        <test-method status="PASS" signature="invalidPasswordAPITest(com.example.sample.dto.ChangePasswordBody)[pri:0, instance:com.example.sample.ChangePasswordAPITests@117e949d]" name="invalidPasswordAPITest" duration-ms="3" started-at="2019-07-30T20:25:57Z" data-provider="invalidCredentialsProvider" finished-at="2019-07-30T20:25:57Z">
          <params>
            <param index="0">
              <value>
                <![CDATA[com.example.sample.dto.ChangePasswordBody@1b317e7d]]>
              </value>
            </param>
          </params>
          <reporter-output>
          </reporter-output>
        </test-method> <!-- invalidPasswordAPITest -->
        <test-method status="PASS" signature="afterTest()[pri:0, instance:com.example.sample.ChangePasswordAPITests@117e949d]" name="afterTest" is-config="true" duration-ms="0" started-at="2019-07-30T20:25:57Z" finished-at="2019-07-30T20:25:57Z">
          <reporter-output>
          </reporter-output>
        </test-method> <!-- afterTest -->
        <test-method status="PASS" signature="springTestContextAfterTestMethod(java.lang.reflect.Method)[pri:0, instance:com.example.sample.ChangePasswordAPITests@117e949d]" name="springTestContextAfterTestMethod" is-config="true" duration-ms="0" started-at="2019-07-30T20:25:57Z" finished-at="2019-07-30T20:25:57Z">
          <params>
            <param index="0">
              <value>
                <![CDATA[public void com.example.sample.ChangePasswordAPITests.invalidPasswordAPITest(com.example.sample.dto.ChangePasswordBody)]]>
              </value>
            </param>
          </params>
          <reporter-output>
          </reporter-output>
        </test-method> <!-- springTestContextAfterTestMethod -->
        <test-method status="PASS" signature="springTestContextBeforeTestMethod(java.lang.reflect.Method)[pri:0, instance:com.example.sample.ChangePasswordAPITests@117e949d]" name="springTestContextBeforeTestMethod" is-config="true" duration-ms="0" started-at="2019-07-30T20:25:57Z" finished-at="2019-07-30T20:25:57Z">
          <params>
            <param index="0">
              <value>
                <![CDATA[public void com.example.sample.ChangePasswordAPITests.invalidUserTest()]]>
              </value>
            </param>
          </params>
          <reporter-output>
          </reporter-output>
        </test-method> <!-- springTestContextBeforeTestMethod -->
        <test-method status="PASS" signature="beforeTest()[pri:0, instance:com.example.sample.ChangePasswordAPITests@117e949d]" name="beforeTest" is-config="true" duration-ms="3" started-at="2019-07-30T20:25:57Z" finished-at="2019-07-30T20:25:57Z">
          <reporter-output>
          </reporter-output>
        </test-method> <!-- beforeTest -->
        <test-method status="PASS" signature="invalidUserTest()[pri:0, instance:com.example.sample.ChangePasswordAPITests@117e949d]" name="invalidUserTest" duration-ms="4" started-at="2019-07-30T20:25:57Z" finished-at="2019-07-30T20:25:57Z">
          <reporter-output>
          </reporter-output>
        </test-method> <!-- invalidUserTest -->
        <test-method status="PASS" signature="springTestContextAfterTestMethod(java.lang.reflect.Method)[pri:0, instance:com.example.sample.ChangePasswordAPITests@117e949d]" name="springTestContextAfterTestMethod" is-config="true" duration-ms="24" started-at="2019-07-30T20:25:57Z" finished-at="2019-07-30T20:25:57Z">
          <params>
            <param index="0">
              <value>
                <![CDATA[public void com.example.sample.ChangePasswordAPITests.invalidUserTest()]]>
              </value>
            </param>
          </params>
          <reporter-output>
          </reporter-output>
        </test-method> <!-- springTestContextAfterTestMethod -->
        <test-method status="PASS" signature="afterTest()[pri:0, instance:com.example.sample.ChangePasswordAPITests@117e949d]" name="afterTest" is-config="true" duration-ms="0" started-at="2019-07-30T20:25:57Z" finished-at="2019-07-30T20:25:57Z">
          <reporter-output>
          </reporter-output>
        </test-method> <!-- afterTest -->
        <test-method status="PASS" signature="springTestContextAfterTestClass()[pri:0, instance:com.example.sample.ChangePasswordAPITests@117e949d]" name="springTestContextAfterTestClass" is-config="true" duration-ms="1" started-at="2019-07-30T20:25:57Z" finished-at="2019-07-30T20:25:57Z">
          <reporter-output>
          </reporter-output>
        </test-method> <!-- springTestContextAfterTestClass -->
      </class> <!-- com.example.sample.ChangePasswordAPITests -->
    </test> <!-- testngTest -->
  </suite> <!-- softwaretestingmaterial -->
</testng-results>
