<?xml version="1.0" encoding="UTF-8"?>
<testsuite xmlns:xsi="http://www.w3.org/2001/XMLSchema-instance" xsi:noNamespaceSchemaLocation="https://maven.apache.org/surefire/maven-surefire-plugin/xsd/surefire-test-report-3.0.xsd" version="3.0" name="TestSuite" time="10.242" tests="30" errors="0" skipped="0" failures="0">
  <properties>
[...]
</properties>
  <testcase name="addDuplicateUserTest" classname="com.example.sample.ChangePasswordAPITests" time="0.276"/>
  <testcase name="addUserTest" classname="com.example.sample.ChangePasswordAPITests" time="0.039"/>
  <testcase name="changePasswordAPIInvalidEmailTest" classname="com.example.sample.ChangePasswordAPITests" time="0.042"/>
  <testcase name="changePasswordAPINullFieldsTest" classname="com.example.sample.ChangePasswordAPITests" time="0.043"/>
  <testcase name="changePasswordAPITest" classname="com.example.sample.ChangePasswordAPITests" time="0.052"/>
  <testcase name="changePasswordAPITest" classname="com.example.sample.ChangePasswordAPITests" time="0.003"/>
  <testcase name="changePasswordAPITest" classname="com.example.sample.ChangePasswordAPITests" time="0.003"/>
  <testcase name="changePasswordAPITest" classname="com.example.sample.ChangePasswordAPITests" time="0.003"/>
  <testcase name="changePasswordAPITest" classname="com.example.sample.ChangePasswordAPITests" time="0.005"/>
  <testcase name="changePasswordAPIUnsupportedHttpMethodTest" classname="com.example.sample.ChangePasswordAPITests" time="0.008"/>
  <testcase name="changePasswordAPIXmlContentTypeTest" classname="com.example.sample.ChangePasswordAPITests" time="0.002"/>
  <testcase name="givenWac_whenServletContext_thenItProvidesGreetController" classname="com.example.sample.ChangePasswordAPITests" time="0"/>
  <testcase name="invalidPasswordAPITest" classname="com.example.sample.ChangePasswordAPITests" time="0.003"/>
  <testcase name="invalidPasswordAPITest" classname="com.example.sample.ChangePasswordAPITests" time="0.009"/>
  <testcase name="invalidPasswordAPITest" classname="com.example.sample.ChangePasswordAPITests" time="0.006"/>
  <testcase name="invalidPasswordAPITest" classname="com.example.sample.ChangePasswordAPITests" time="0.03"/>
  <testcase name="invalidPasswordAPITest" classname="com.example.sample.ChangePasswordAPITests" time="0.002"/>
  <testcase name="invalidPasswordAPITest" classname="com.example.sample.ChangePasswordAPITests" time="0.004"/>
  <testcase name="invalidPasswordAPITest" classname="com.example.sample.ChangePasswordAPITests" time="0.006"/>
  <testcase name="invalidPasswordAPITest" classname="com.example.sample.ChangePasswordAPITests" time="0.007"/>
  <testcase name="invalidPasswordAPITest" classname="com.example.sample.ChangePasswordAPITests" time="0.03"/>
  <testcase name="invalidPasswordAPITest" classname="com.example.sample.ChangePasswordAPITests" time="0.004"/>
  <testcase name="invalidPasswordAPITest" classname="com.example.sample.ChangePasswordAPITests" time="0.003"/>
  <testcase name="invalidPasswordAPITest" classname="com.example.sample.ChangePasswordAPITests" time="0.003"/>
  <testcase name="invalidPasswordAPITest" classname="com.example.sample.ChangePasswordAPITests" time="0.013"/>
  <testcase name="invalidPasswordAPITest" classname="com.example.sample.ChangePasswordAPITests" time="0.028"/>
  <testcase name="invalidPasswordAPITest" classname="com.example.sample.ChangePasswordAPITests" time="0.003"/>
  <testcase name="invalidPasswordAPITest" classname="com.example.sample.ChangePasswordAPITests" time="0.002"/>
  <testcase name="invalidPasswordAPITest" classname="com.example.sample.ChangePasswordAPITests" time="0.005"/>
  <testcase name="invalidUserTest" classname="com.example.sample.ChangePasswordAPITests" time="0.007"/>
</testsuite>